Starting COVID ETL pipeline...
Step 1: Ingesting raw data from APT...
python3: can't open file '/home/kojo/src/etl/ingest_covid.py': [Errno 2] No such file or directory
Starting COVID ETL pipeline...
Step 1: Ingesting raw data from API...
Fetching data from API...
Retrieved 420 records. Formatting...
Connecting to Neon database...
Inserting data...
ETL Complete! Data inserted into covid_daily table.
Ingestion complete.
Step 2: Transformation and cleaning data...
/home/kojo/Projects/Data-Engineering-Projects/covid-tracking-pipeline/src/etl/transform_covid.py:8: UserWarning: pandas only supports SQLAlchemy connectable (engine/connection) or database string URI or sqlite3 DBAPI2 connection. Other DBAPI2 objects are not tested. Please consider using SQLAlchemy.
  return pd.read_sql(query, conn)
/home/kojo/Projects/Data-Engineering-Projects/covid-tracking-pipeline/src/etl/transform_covid.py:14: FutureWarning: Downcasting object dtype arrays on .fillna, .ffill, .bfill is deprecated and will change in a future version. Call result.infer_objects(copy=False) instead. To opt-in to the future behavior, set `pd.set_option('future.no_silent_downcasting', True)`
  df = df.fillna(0).infer_objects(copy=False)
/home/kojo/Projects/Data-Engineering-Projects/covid-tracking-pipeline/src/etl/transform_covid.py:20: FutureWarning: Downcasting object dtype arrays on .fillna, .ffill, .bfill is deprecated and will change in a future version. Call result.infer_objects(copy=False) instead. To opt-in to the future behavior, set `pd.set_option('future.no_silent_downcasting', True)`
  df = df.fillna(0)
Loading raw covid data...
Transforming data...
Saving cleaned data...
Transformation Complete! Cleaned data is ready.
Transformation complete.
ETL pipeline finished successfully.
Starting COVID ETL pipeline...
Step 1: Ingesting raw data from API...
Fetching data from API...
Retrieved 420 records. Formatting...
Connecting to Neon database...
Inserting data...
ETL Complete! Data inserted into covid_daily table.
Ingestion complete.
Step 2: Transformation and cleaning data...
/home/kojo/Projects/Data-Engineering-Projects/covid-tracking-pipeline/src/etl/transform_covid.py:8: UserWarning: pandas only supports SQLAlchemy connectable (engine/connection) or database string URI or sqlite3 DBAPI2 connection. Other DBAPI2 objects are not tested. Please consider using SQLAlchemy.
  return pd.read_sql(query, conn)
/home/kojo/Projects/Data-Engineering-Projects/covid-tracking-pipeline/src/etl/transform_covid.py:14: FutureWarning: Downcasting object dtype arrays on .fillna, .ffill, .bfill is deprecated and will change in a future version. Call result.infer_objects(copy=False) instead. To opt-in to the future behavior, set `pd.set_option('future.no_silent_downcasting', True)`
  df = df.fillna(0).infer_objects(copy=False)
/home/kojo/Projects/Data-Engineering-Projects/covid-tracking-pipeline/src/etl/transform_covid.py:20: FutureWarning: Downcasting object dtype arrays on .fillna, .ffill, .bfill is deprecated and will change in a future version. Call result.infer_objects(copy=False) instead. To opt-in to the future behavior, set `pd.set_option('future.no_silent_downcasting', True)`
  df = df.fillna(0)
Loading raw covid data...
Transforming data...
Saving cleaned data...
Transformation Complete! Cleaned data is ready.
Transformation complete.
ETL pipeline finished successfully.
Starting COVID ETL pipeline...
Step 1: Ingesting raw data from API...
Fetching data from API...
Retrieved 420 records. Formatting...
Connecting to Neon database...
Inserting data...
ETL Complete! Data inserted into covid_daily table.
Ingestion complete.
Step 2: Transformation and cleaning data...
/home/kojo/Projects/Data-Engineering-Projects/covid-tracking-pipeline/src/etl/transform_covid.py:8: UserWarning: pandas only supports SQLAlchemy connectable (engine/connection) or database string URI or sqlite3 DBAPI2 connection. Other DBAPI2 objects are not tested. Please consider using SQLAlchemy.
  return pd.read_sql(query, conn)
/home/kojo/Projects/Data-Engineering-Projects/covid-tracking-pipeline/src/etl/transform_covid.py:14: FutureWarning: Downcasting object dtype arrays on .fillna, .ffill, .bfill is deprecated and will change in a future version. Call result.infer_objects(copy=False) instead. To opt-in to the future behavior, set `pd.set_option('future.no_silent_downcasting', True)`
  df = df.fillna(0).infer_objects(copy=False)
/home/kojo/Projects/Data-Engineering-Projects/covid-tracking-pipeline/src/etl/transform_covid.py:20: FutureWarning: Downcasting object dtype arrays on .fillna, .ffill, .bfill is deprecated and will change in a future version. Call result.infer_objects(copy=False) instead. To opt-in to the future behavior, set `pd.set_option('future.no_silent_downcasting', True)`
  df = df.fillna(0)
Loading raw covid data...
Transforming data...
Saving cleaned data...
Transformation Complete! Cleaned data is ready.
Transformation complete.
ETL pipeline finished successfully.
Starting COVID ETL pipeline...
Step 1: Ingesting raw data from API...
Fetching data from API...
Retrieved 420 records. Formatting...
Connecting to Neon database...
Inserting data...
ETL Complete! Data inserted into covid_daily table.
Ingestion complete.
Step 2: Transformation and cleaning data...
/home/kojo/Projects/Data-Engineering-Projects/covid-tracking-pipeline/src/etl/transform_covid.py:8: UserWarning: pandas only supports SQLAlchemy connectable (engine/connection) or database string URI or sqlite3 DBAPI2 connection. Other DBAPI2 objects are not tested. Please consider using SQLAlchemy.
  return pd.read_sql(query, conn)
/home/kojo/Projects/Data-Engineering-Projects/covid-tracking-pipeline/src/etl/transform_covid.py:14: FutureWarning: Downcasting object dtype arrays on .fillna, .ffill, .bfill is deprecated and will change in a future version. Call result.infer_objects(copy=False) instead. To opt-in to the future behavior, set `pd.set_option('future.no_silent_downcasting', True)`
  df = df.fillna(0).infer_objects(copy=False)
/home/kojo/Projects/Data-Engineering-Projects/covid-tracking-pipeline/src/etl/transform_covid.py:20: FutureWarning: Downcasting object dtype arrays on .fillna, .ffill, .bfill is deprecated and will change in a future version. Call result.infer_objects(copy=False) instead. To opt-in to the future behavior, set `pd.set_option('future.no_silent_downcasting', True)`
  df = df.fillna(0)
Loading raw covid data...
Transforming data...
Saving cleaned data...
Transformation Complete! Cleaned data is ready.
Transformation complete.
ETL pipeline finished successfully.
Starting COVID ETL pipeline...
Step 1: Ingesting raw data from API...
Fetching data from API...
Traceback (most recent call last):
  File "/home/kojo/Projects/Data-Engineering-Projects/covid-tracking-pipeline/.venv/lib/python3.12/site-packages/urllib3/connection.py", line 198, in _new_conn
    sock = connection.create_connection(
           ^^^^^^^^^^^^^^^^^^^^^^^^^^^^^
  File "/home/kojo/Projects/Data-Engineering-Projects/covid-tracking-pipeline/.venv/lib/python3.12/site-packages/urllib3/util/connection.py", line 60, in create_connection
    for res in socket.getaddrinfo(host, port, family, socket.SOCK_STREAM):
               ^^^^^^^^^^^^^^^^^^^^^^^^^^^^^^^^^^^^^^^^^^^^^^^^^^^^^^^^^^
  File "/usr/lib/python3.12/socket.py", line 963, in getaddrinfo
    for res in _socket.getaddrinfo(host, port, family, type, proto, flags):
               ^^^^^^^^^^^^^^^^^^^^^^^^^^^^^^^^^^^^^^^^^^^^^^^^^^^^^^^^^^^
socket.gaierror: [Errno -3] Temporary failure in name resolution

The above exception was the direct cause of the following exception:

Traceback (most recent call last):
  File "/home/kojo/Projects/Data-Engineering-Projects/covid-tracking-pipeline/.venv/lib/python3.12/site-packages/urllib3/connectionpool.py", line 787, in urlopen
    response = self._make_request(
               ^^^^^^^^^^^^^^^^^^^
  File "/home/kojo/Projects/Data-Engineering-Projects/covid-tracking-pipeline/.venv/lib/python3.12/site-packages/urllib3/connectionpool.py", line 488, in _make_request
    raise new_e
  File "/home/kojo/Projects/Data-Engineering-Projects/covid-tracking-pipeline/.venv/lib/python3.12/site-packages/urllib3/connectionpool.py", line 464, in _make_request
    self._validate_conn(conn)
  File "/home/kojo/Projects/Data-Engineering-Projects/covid-tracking-pipeline/.venv/lib/python3.12/site-packages/urllib3/connectionpool.py", line 1093, in _validate_conn
    conn.connect()
  File "/home/kojo/Projects/Data-Engineering-Projects/covid-tracking-pipeline/.venv/lib/python3.12/site-packages/urllib3/connection.py", line 753, in connect
    self.sock = sock = self._new_conn()
                       ^^^^^^^^^^^^^^^^
  File "/home/kojo/Projects/Data-Engineering-Projects/covid-tracking-pipeline/.venv/lib/python3.12/site-packages/urllib3/connection.py", line 205, in _new_conn
    raise NameResolutionError(self.host, self, e) from e
urllib3.exceptions.NameResolutionError: <urllib3.connection.HTTPSConnection object at 0x7a1eee569d90>: Failed to resolve 'api.covidtracking.com' ([Errno -3] Temporary failure in name resolution)

The above exception was the direct cause of the following exception:

Traceback (most recent call last):
  File "/home/kojo/Projects/Data-Engineering-Projects/covid-tracking-pipeline/.venv/lib/python3.12/site-packages/requests/adapters.py", line 644, in send
    resp = conn.urlopen(
           ^^^^^^^^^^^^^
  File "/home/kojo/Projects/Data-Engineering-Projects/covid-tracking-pipeline/.venv/lib/python3.12/site-packages/urllib3/connectionpool.py", line 841, in urlopen
    retries = retries.increment(
              ^^^^^^^^^^^^^^^^^^
  File "/home/kojo/Projects/Data-Engineering-Projects/covid-tracking-pipeline/.venv/lib/python3.12/site-packages/urllib3/util/retry.py", line 519, in increment
    raise MaxRetryError(_pool, url, reason) from reason  # type: ignore[arg-type]
    ^^^^^^^^^^^^^^^^^^^^^^^^^^^^^^^^^^^^^^^^^^^^^^^^^^^
urllib3.exceptions.MaxRetryError: HTTPSConnectionPool(host='api.covidtracking.com', port=443): Max retries exceeded with url: /v1/us/daily.json (Caused by NameResolutionError("<urllib3.connection.HTTPSConnection object at 0x7a1eee569d90>: Failed to resolve 'api.covidtracking.com' ([Errno -3] Temporary failure in name resolution)"))

During handling of the above exception, another exception occurred:

Traceback (most recent call last):
  File "/home/kojo/Projects/Data-Engineering-Projects/covid-tracking-pipeline/src/etl/ingest_covid.py", line 70, in <module>
    main()
  File "/home/kojo/Projects/Data-Engineering-Projects/covid-tracking-pipeline/src/etl/ingest_covid.py", line 55, in main
    data = fetch_covid_data(api_url)
           ^^^^^^^^^^^^^^^^^^^^^^^^^
  File "/home/kojo/Projects/Data-Engineering-Projects/covid-tracking-pipeline/src/etl/ingest_covid.py", line 7, in fetch_covid_data
    response = requests.get(api_url)
               ^^^^^^^^^^^^^^^^^^^^^
  File "/home/kojo/Projects/Data-Engineering-Projects/covid-tracking-pipeline/.venv/lib/python3.12/site-packages/requests/api.py", line 73, in get
    return request("get", url, params=params, **kwargs)
           ^^^^^^^^^^^^^^^^^^^^^^^^^^^^^^^^^^^^^^^^^^^^
  File "/home/kojo/Projects/Data-Engineering-Projects/covid-tracking-pipeline/.venv/lib/python3.12/site-packages/requests/api.py", line 59, in request
    return session.request(method=method, url=url, **kwargs)
           ^^^^^^^^^^^^^^^^^^^^^^^^^^^^^^^^^^^^^^^^^^^^^^^^^
  File "/home/kojo/Projects/Data-Engineering-Projects/covid-tracking-pipeline/.venv/lib/python3.12/site-packages/requests/sessions.py", line 589, in request
    resp = self.send(prep, **send_kwargs)
           ^^^^^^^^^^^^^^^^^^^^^^^^^^^^^^
  File "/home/kojo/Projects/Data-Engineering-Projects/covid-tracking-pipeline/.venv/lib/python3.12/site-packages/requests/sessions.py", line 703, in send
    r = adapter.send(request, **kwargs)
        ^^^^^^^^^^^^^^^^^^^^^^^^^^^^^^^
  File "/home/kojo/Projects/Data-Engineering-Projects/covid-tracking-pipeline/.venv/lib/python3.12/site-packages/requests/adapters.py", line 677, in send
    raise ConnectionError(e, request=request)
requests.exceptions.ConnectionError: HTTPSConnectionPool(host='api.covidtracking.com', port=443): Max retries exceeded with url: /v1/us/daily.json (Caused by NameResolutionError("<urllib3.connection.HTTPSConnection object at 0x7a1eee569d90>: Failed to resolve 'api.covidtracking.com' ([Errno -3] Temporary failure in name resolution)"))
Starting COVID ETL pipeline...
Step 1: Ingesting raw data from API...
Fetching data from API...
Retrieved 420 records. Formatting...
Connecting to Neon database...
Inserting data...
ETL Complete! Data inserted into covid_daily table.
Ingestion complete.
Step 2: Transformation and cleaning data...
/home/kojo/Projects/Data-Engineering-Projects/covid-tracking-pipeline/src/etl/transform_covid.py:8: UserWarning: pandas only supports SQLAlchemy connectable (engine/connection) or database string URI or sqlite3 DBAPI2 connection. Other DBAPI2 objects are not tested. Please consider using SQLAlchemy.
  return pd.read_sql(query, conn)
/home/kojo/Projects/Data-Engineering-Projects/covid-tracking-pipeline/src/etl/transform_covid.py:14: FutureWarning: Downcasting object dtype arrays on .fillna, .ffill, .bfill is deprecated and will change in a future version. Call result.infer_objects(copy=False) instead. To opt-in to the future behavior, set `pd.set_option('future.no_silent_downcasting', True)`
  df = df.fillna(0).infer_objects(copy=False)
/home/kojo/Projects/Data-Engineering-Projects/covid-tracking-pipeline/src/etl/transform_covid.py:20: FutureWarning: Downcasting object dtype arrays on .fillna, .ffill, .bfill is deprecated and will change in a future version. Call result.infer_objects(copy=False) instead. To opt-in to the future behavior, set `pd.set_option('future.no_silent_downcasting', True)`
  df = df.fillna(0)
Loading raw covid data...
Transforming data...
Saving cleaned data...
Transformation Complete! Cleaned data is ready.
Transformation complete.
ETL pipeline finished successfully.
Starting COVID ETL pipeline...
Step 1: Ingesting raw data from API...
Fetching data from API...
Retrieved 420 records. Formatting...
Connecting to Neon database...
Inserting data...
ETL Complete! Data inserted into covid_daily table.
Ingestion complete.
Step 2: Transformation and cleaning data...
/home/kojo/Projects/Data-Engineering-Projects/covid-tracking-pipeline/src/etl/transform_covid.py:8: UserWarning: pandas only supports SQLAlchemy connectable (engine/connection) or database string URI or sqlite3 DBAPI2 connection. Other DBAPI2 objects are not tested. Please consider using SQLAlchemy.
  return pd.read_sql(query, conn)
/home/kojo/Projects/Data-Engineering-Projects/covid-tracking-pipeline/src/etl/transform_covid.py:14: FutureWarning: Downcasting object dtype arrays on .fillna, .ffill, .bfill is deprecated and will change in a future version. Call result.infer_objects(copy=False) instead. To opt-in to the future behavior, set `pd.set_option('future.no_silent_downcasting', True)`
  df = df.fillna(0).infer_objects(copy=False)
/home/kojo/Projects/Data-Engineering-Projects/covid-tracking-pipeline/src/etl/transform_covid.py:20: FutureWarning: Downcasting object dtype arrays on .fillna, .ffill, .bfill is deprecated and will change in a future version. Call result.infer_objects(copy=False) instead. To opt-in to the future behavior, set `pd.set_option('future.no_silent_downcasting', True)`
  df = df.fillna(0)
Loading raw covid data...
Transforming data...
Saving cleaned data...
Transformation Complete! Cleaned data is ready.
Transformation complete.
ETL pipeline finished successfully.
Starting COVID ETL pipeline...
Step 1: Ingesting raw data from API...
Fetching data from API...
Retrieved 420 records. Formatting...
Connecting to Neon database...
Inserting data...
ETL Complete! Data inserted into covid_daily table.
Ingestion complete.
Step 2: Transformation and cleaning data...
/home/kojo/Projects/Data-Engineering-Projects/covid-tracking-pipeline/src/etl/transform_covid.py:8: UserWarning: pandas only supports SQLAlchemy connectable (engine/connection) or database string URI or sqlite3 DBAPI2 connection. Other DBAPI2 objects are not tested. Please consider using SQLAlchemy.
  return pd.read_sql(query, conn)
/home/kojo/Projects/Data-Engineering-Projects/covid-tracking-pipeline/src/etl/transform_covid.py:14: FutureWarning: Downcasting object dtype arrays on .fillna, .ffill, .bfill is deprecated and will change in a future version. Call result.infer_objects(copy=False) instead. To opt-in to the future behavior, set `pd.set_option('future.no_silent_downcasting', True)`
  df = df.fillna(0).infer_objects(copy=False)
/home/kojo/Projects/Data-Engineering-Projects/covid-tracking-pipeline/src/etl/transform_covid.py:20: FutureWarning: Downcasting object dtype arrays on .fillna, .ffill, .bfill is deprecated and will change in a future version. Call result.infer_objects(copy=False) instead. To opt-in to the future behavior, set `pd.set_option('future.no_silent_downcasting', True)`
  df = df.fillna(0)
Loading raw covid data...
Transforming data...
Saving cleaned data...
Transformation Complete! Cleaned data is ready.
Transformation complete.
ETL pipeline finished successfully.
Starting COVID ETL pipeline...
Step 1: Ingesting raw data from API...
Fetching data from API...
Retrieved 420 records. Formatting...
Connecting to Neon database...
Inserting data...
ETL Complete! Data inserted into covid_daily table.
Ingestion complete.
Step 2: Transformation and cleaning data...
/home/kojo/Projects/Data-Engineering-Projects/covid-tracking-pipeline/src/etl/transform_covid.py:8: UserWarning: pandas only supports SQLAlchemy connectable (engine/connection) or database string URI or sqlite3 DBAPI2 connection. Other DBAPI2 objects are not tested. Please consider using SQLAlchemy.
  return pd.read_sql(query, conn)
/home/kojo/Projects/Data-Engineering-Projects/covid-tracking-pipeline/src/etl/transform_covid.py:14: FutureWarning: Downcasting object dtype arrays on .fillna, .ffill, .bfill is deprecated and will change in a future version. Call result.infer_objects(copy=False) instead. To opt-in to the future behavior, set `pd.set_option('future.no_silent_downcasting', True)`
  df = df.fillna(0).infer_objects(copy=False)
/home/kojo/Projects/Data-Engineering-Projects/covid-tracking-pipeline/src/etl/transform_covid.py:20: FutureWarning: Downcasting object dtype arrays on .fillna, .ffill, .bfill is deprecated and will change in a future version. Call result.infer_objects(copy=False) instead. To opt-in to the future behavior, set `pd.set_option('future.no_silent_downcasting', True)`
  df = df.fillna(0)
Loading raw covid data...
Transforming data...
Saving cleaned data...
Transformation Complete! Cleaned data is ready.
Transformation complete.
ETL pipeline finished successfully.
Starting COVID ETL pipeline...
Step 1: Ingesting raw data from API...
Fetching data from API...
Traceback (most recent call last):
  File "/home/kojo/Projects/Data-Engineering-Projects/covid-tracking-pipeline/.venv/lib/python3.12/site-packages/urllib3/connection.py", line 198, in _new_conn
    sock = connection.create_connection(
           ^^^^^^^^^^^^^^^^^^^^^^^^^^^^^
  File "/home/kojo/Projects/Data-Engineering-Projects/covid-tracking-pipeline/.venv/lib/python3.12/site-packages/urllib3/util/connection.py", line 60, in create_connection
    for res in socket.getaddrinfo(host, port, family, socket.SOCK_STREAM):
               ^^^^^^^^^^^^^^^^^^^^^^^^^^^^^^^^^^^^^^^^^^^^^^^^^^^^^^^^^^
  File "/usr/lib/python3.12/socket.py", line 963, in getaddrinfo
    for res in _socket.getaddrinfo(host, port, family, type, proto, flags):
               ^^^^^^^^^^^^^^^^^^^^^^^^^^^^^^^^^^^^^^^^^^^^^^^^^^^^^^^^^^^
socket.gaierror: [Errno -3] Temporary failure in name resolution

The above exception was the direct cause of the following exception:

Traceback (most recent call last):
  File "/home/kojo/Projects/Data-Engineering-Projects/covid-tracking-pipeline/.venv/lib/python3.12/site-packages/urllib3/connectionpool.py", line 787, in urlopen
    response = self._make_request(
               ^^^^^^^^^^^^^^^^^^^
  File "/home/kojo/Projects/Data-Engineering-Projects/covid-tracking-pipeline/.venv/lib/python3.12/site-packages/urllib3/connectionpool.py", line 488, in _make_request
    raise new_e
  File "/home/kojo/Projects/Data-Engineering-Projects/covid-tracking-pipeline/.venv/lib/python3.12/site-packages/urllib3/connectionpool.py", line 464, in _make_request
    self._validate_conn(conn)
  File "/home/kojo/Projects/Data-Engineering-Projects/covid-tracking-pipeline/.venv/lib/python3.12/site-packages/urllib3/connectionpool.py", line 1093, in _validate_conn
    conn.connect()
  File "/home/kojo/Projects/Data-Engineering-Projects/covid-tracking-pipeline/.venv/lib/python3.12/site-packages/urllib3/connection.py", line 753, in connect
    self.sock = sock = self._new_conn()
                       ^^^^^^^^^^^^^^^^
  File "/home/kojo/Projects/Data-Engineering-Projects/covid-tracking-pipeline/.venv/lib/python3.12/site-packages/urllib3/connection.py", line 205, in _new_conn
    raise NameResolutionError(self.host, self, e) from e
urllib3.exceptions.NameResolutionError: <urllib3.connection.HTTPSConnection object at 0x7dc8b7371d60>: Failed to resolve 'data.cdc.gov' ([Errno -3] Temporary failure in name resolution)

The above exception was the direct cause of the following exception:

Traceback (most recent call last):
  File "/home/kojo/Projects/Data-Engineering-Projects/covid-tracking-pipeline/.venv/lib/python3.12/site-packages/requests/adapters.py", line 644, in send
    resp = conn.urlopen(
           ^^^^^^^^^^^^^
  File "/home/kojo/Projects/Data-Engineering-Projects/covid-tracking-pipeline/.venv/lib/python3.12/site-packages/urllib3/connectionpool.py", line 841, in urlopen
    retries = retries.increment(
              ^^^^^^^^^^^^^^^^^^
  File "/home/kojo/Projects/Data-Engineering-Projects/covid-tracking-pipeline/.venv/lib/python3.12/site-packages/urllib3/util/retry.py", line 519, in increment
    raise MaxRetryError(_pool, url, reason) from reason  # type: ignore[arg-type]
    ^^^^^^^^^^^^^^^^^^^^^^^^^^^^^^^^^^^^^^^^^^^^^^^^^^^
urllib3.exceptions.MaxRetryError: HTTPSConnectionPool(host='data.cdc.gov', port=443): Max retries exceeded with url: /resource/vbim-akqf.json (Caused by NameResolutionError("<urllib3.connection.HTTPSConnection object at 0x7dc8b7371d60>: Failed to resolve 'data.cdc.gov' ([Errno -3] Temporary failure in name resolution)"))

During handling of the above exception, another exception occurred:

Traceback (most recent call last):
  File "/home/kojo/Projects/Data-Engineering-Projects/covid-tracking-pipeline/src/etl/ingest_covid.py", line 70, in <module>
    main()
  File "/home/kojo/Projects/Data-Engineering-Projects/covid-tracking-pipeline/src/etl/ingest_covid.py", line 55, in main
    data = fetch_covid_data(api_url)
           ^^^^^^^^^^^^^^^^^^^^^^^^^
  File "/home/kojo/Projects/Data-Engineering-Projects/covid-tracking-pipeline/src/etl/ingest_covid.py", line 7, in fetch_covid_data
    response = requests.get(api_url)
               ^^^^^^^^^^^^^^^^^^^^^
  File "/home/kojo/Projects/Data-Engineering-Projects/covid-tracking-pipeline/.venv/lib/python3.12/site-packages/requests/api.py", line 73, in get
    return request("get", url, params=params, **kwargs)
           ^^^^^^^^^^^^^^^^^^^^^^^^^^^^^^^^^^^^^^^^^^^^
  File "/home/kojo/Projects/Data-Engineering-Projects/covid-tracking-pipeline/.venv/lib/python3.12/site-packages/requests/api.py", line 59, in request
    return session.request(method=method, url=url, **kwargs)
           ^^^^^^^^^^^^^^^^^^^^^^^^^^^^^^^^^^^^^^^^^^^^^^^^^
  File "/home/kojo/Projects/Data-Engineering-Projects/covid-tracking-pipeline/.venv/lib/python3.12/site-packages/requests/sessions.py", line 589, in request
    resp = self.send(prep, **send_kwargs)
           ^^^^^^^^^^^^^^^^^^^^^^^^^^^^^^
  File "/home/kojo/Projects/Data-Engineering-Projects/covid-tracking-pipeline/.venv/lib/python3.12/site-packages/requests/sessions.py", line 703, in send
    r = adapter.send(request, **kwargs)
        ^^^^^^^^^^^^^^^^^^^^^^^^^^^^^^^
  File "/home/kojo/Projects/Data-Engineering-Projects/covid-tracking-pipeline/.venv/lib/python3.12/site-packages/requests/adapters.py", line 677, in send
    raise ConnectionError(e, request=request)
requests.exceptions.ConnectionError: HTTPSConnectionPool(host='data.cdc.gov', port=443): Max retries exceeded with url: /resource/vbim-akqf.json (Caused by NameResolutionError("<urllib3.connection.HTTPSConnection object at 0x7dc8b7371d60>: Failed to resolve 'data.cdc.gov' ([Errno -3] Temporary failure in name resolution)"))
Starting COVID ETL pipeline...
Step 1: Ingesting raw data from API...
Fetching data from API...
Retrieved 1000 records. Formatting...
Connecting to Neon database...
Inserting data...
ETL Complete! Data inserted into covid_daily table.
Ingestion complete.
Step 2: Transformation and cleaning data...
/home/kojo/Projects/Data-Engineering-Projects/covid-tracking-pipeline/src/etl/transform_covid.py:8: UserWarning: pandas only supports SQLAlchemy connectable (engine/connection) or database string URI or sqlite3 DBAPI2 connection. Other DBAPI2 objects are not tested. Please consider using SQLAlchemy.
  return pd.read_sql(query, conn)
Loading raw covid data...
Transforming data...
Saving cleaned data...
Transformation Complete! Cleaned data is ready.
Transformation complete.
ETL pipeline finished successfully.
Starting COVID ETL pipeline...
Step 1: Ingesting raw data from API...
Fetching data from API...
Retrieved 1000 records. Formatting...
Connecting to Neon database...
Inserting data...
ETL Complete! Data inserted into covid_daily table.
Ingestion complete.
Step 2: Transformation and cleaning data...
/home/kojo/Projects/Data-Engineering-Projects/covid-tracking-pipeline/src/etl/transform_covid.py:8: UserWarning: pandas only supports SQLAlchemy connectable (engine/connection) or database string URI or sqlite3 DBAPI2 connection. Other DBAPI2 objects are not tested. Please consider using SQLAlchemy.
  return pd.read_sql(query, conn)
Loading raw covid data...
Transforming data...
Saving cleaned data...
Transformation Complete! Cleaned data is ready.
Transformation complete.
ETL pipeline finished successfully.
2025-12-15 21:42:15,309 | INFO | __main__ | Starting COVID data ingestion
2025-12-15 21:42:29,595 | INFO | __main__ | Loading raw covid data...
2025-12-15 21:42:31,263 | INFO | __main__ | Transforming data...
2025-12-15 21:42:31,265 | INFO | __main__ | Saving cleaned data...
2025-12-15 21:42:39,555 | INFO | __main__ | Transformation Complete! Cleaned data is ready.
2025-12-15 21:49:22,569 | INFO | __main__ | Starting COVID data ingestion
2025-12-15 21:49:38,413 | INFO | __main__ | Loading raw covid data...
2025-12-15 21:49:39,886 | INFO | __main__ | Transforming data...
2025-12-15 21:49:39,889 | INFO | __main__ | Saving cleaned data...
2025-12-15 21:49:48,384 | INFO | __main__ | Transformation Complete! Cleaned data is ready.
2025-12-15 22:29:25,977 | INFO | __main__ | Starting COVID data ingestion
2025-12-15 22:29:25,978 | INFO | __main__ | Starting COVID data ingestion
2025-12-15 22:29:44,107 | INFO | __main__ | Loading raw covid data...
2025-12-15 22:29:46,465 | INFO | __main__ | Transforming data...
2025-12-15 22:29:46,467 | INFO | __main__ | Saving cleaned data...
2025-12-15 22:30:00,307 | INFO | __main__ | Transformation Complete! Cleaned data is ready.
2025-12-15 22:30:37,602 | INFO | __main__ | Starting COVID data ingestion
2025-12-15 22:31:17,876 | INFO | __main__ | Loading raw covid data...
2025-12-15 22:31:19,534 | INFO | __main__ | Transforming data...
2025-12-15 22:31:19,536 | INFO | __main__ | Saving cleaned data...
2025-12-15 22:31:27,955 | INFO | __main__ | Transformation Complete! Cleaned data is ready.
2025-12-15 22:34:33,225 | INFO | __main__ | Starting COVID data ingestion
2025-12-15 22:34:48,985 | INFO | __main__ | Loading raw covid data...
2025-12-15 22:34:50,654 | INFO | __main__ | Transforming data...
2025-12-15 22:34:50,656 | INFO | __main__ | Saving cleaned data...
2025-12-15 22:35:02,539 | INFO | __main__ | Transformation Complete! Cleaned data is ready.
